{"C:\\Users\\Owner\\Desktop\\13. Grad School\\psu-software-testing\\server\\index.js": {"path":"C:\\Users\\Owner\\Desktop\\13. Grad School\\psu-software-testing\\server\\index.js","statementMap":{"0":{"start":{"line":1,"column":16},"end":{"line":1,"column":34}},"1":{"start":{"line":2,"column":13},"end":{"line":2,"column":28}},"2":{"start":{"line":3,"column":17},"end":{"line":3,"column":36}},"3":{"start":{"line":4,"column":15},"end":{"line":4,"column":32}},"4":{"start":{"line":5,"column":13},"end":{"line":5,"column":30}},"5":{"start":{"line":6,"column":18},"end":{"line":6,"column":47}},"6":{"start":{"line":7,"column":24},"end":{"line":7,"column":51}},"7":{"start":{"line":9,"column":19},"end":{"line":9,"column":46}},"8":{"start":{"line":10,"column":23},"end":{"line":10,"column":54}},"9":{"start":{"line":11,"column":22},"end":{"line":11,"column":52}},"10":{"start":{"line":12,"column":29},"end":{"line":12,"column":66}},"11":{"start":{"line":16,"column":12},"end":{"line":16,"column":21}},"12":{"start":{"line":17,"column":0},"end":{"line":17,"column":15}},"13":{"start":{"line":19,"column":13},"end":{"line":19,"column":37}},"14":{"start":{"line":20,"column":18},"end":{"line":20,"column":39}},"15":{"start":{"line":22,"column":23},"end":{"line":22,"column":73}},"16":{"start":{"line":23,"column":0},"end":{"line":23,"column":23}},"17":{"start":{"line":24,"column":0},"end":{"line":38,"column":1}},"18":{"start":{"line":29,"column":12},"end":{"line":29,"column":51}},"19":{"start":{"line":29,"column":24},"end":{"line":29,"column":51}},"20":{"start":{"line":30,"column":12},"end":{"line":34,"column":13}},"21":{"start":{"line":31,"column":22},"end":{"line":32,"column":65}},"22":{"start":{"line":33,"column":12},"end":{"line":33,"column":51}},"23":{"start":{"line":35,"column":12},"end":{"line":35,"column":40}},"24":{"start":{"line":40,"column":0},"end":{"line":40,"column":71}},"25":{"start":{"line":41,"column":0},"end":{"line":41,"column":29}},"26":{"start":{"line":42,"column":0},"end":{"line":42,"column":37}},"27":{"start":{"line":43,"column":0},"end":{"line":43,"column":35}},"28":{"start":{"line":44,"column":0},"end":{"line":44,"column":49}},"29":{"start":{"line":50,"column":0},"end":{"line":57,"column":2}},"30":{"start":{"line":51,"column":4},"end":{"line":51,"column":47}},"31":{"start":{"line":52,"column":4},"end":{"line":54,"column":6}},"32":{"start":{"line":53,"column":8},"end":{"line":53,"column":58}},"33":{"start":{"line":56,"column":4},"end":{"line":56,"column":22}},"34":{"start":{"line":60,"column":0},"end":{"line":62,"column":2}},"35":{"start":{"line":61,"column":4},"end":{"line":61,"column":53}},"36":{"start":{"line":64,"column":0},"end":{"line":64,"column":20}}},"fnMap":{"0":{"name":"(anonymous_0)","decl":{"start":{"line":26,"column":16},"end":{"line":26,"column":17}},"loc":{"start":{"line":26,"column":42},"end":{"line":36,"column":9}},"line":26},"1":{"name":"(anonymous_1)","decl":{"start":{"line":50,"column":33},"end":{"line":50,"column":34}},"loc":{"start":{"line":50,"column":39},"end":{"line":55,"column":1}},"line":50},"2":{"name":"(anonymous_2)","decl":{"start":{"line":52,"column":21},"end":{"line":52,"column":22}},"loc":{"start":{"line":52,"column":27},"end":{"line":54,"column":5}},"line":52},"3":{"name":"(anonymous_3)","decl":{"start":{"line":55,"column":9},"end":{"line":55,"column":10}},"loc":{"start":{"line":55,"column":20},"end":{"line":57,"column":1}},"line":55},"4":{"name":"(anonymous_4)","decl":{"start":{"line":60,"column":13},"end":{"line":60,"column":14}},"loc":{"start":{"line":60,"column":27},"end":{"line":62,"column":1}},"line":60}},"branchMap":{"0":{"loc":{"start":{"line":19,"column":13},"end":{"line":19,"column":37}},"type":"binary-expr","locations":[{"start":{"line":19,"column":13},"end":{"line":19,"column":29}},{"start":{"line":19,"column":33},"end":{"line":19,"column":37}}],"line":19},"1":{"loc":{"start":{"line":29,"column":12},"end":{"line":29,"column":51}},"type":"if","locations":[{"start":{"line":29,"column":12},"end":{"line":29,"column":51}},{"start":{},"end":{}}],"line":29},"2":{"loc":{"start":{"line":30,"column":12},"end":{"line":34,"column":13}},"type":"if","locations":[{"start":{"line":30,"column":12},"end":{"line":34,"column":13}},{"start":{},"end":{}}],"line":30}},"s":{"0":3,"1":3,"2":3,"3":3,"4":3,"5":3,"6":3,"7":3,"8":3,"9":3,"10":3,"11":3,"12":3,"13":3,"14":3,"15":3,"16":3,"17":3,"18":17,"19":17,"20":0,"21":0,"22":0,"23":0,"24":3,"25":3,"26":3,"27":3,"28":3,"29":3,"30":2,"31":2,"32":1,"33":0,"34":3,"35":1,"36":3},"f":{"0":17,"1":2,"2":1,"3":0,"4":1},"b":{"0":[3,0],"1":[17,0],"2":[0,0]},"_coverageSchema":"1a1c01bbd47fc00a2c39e90264f33305004495a9","hash":"7ec3732e9a723447fc61a9ca4b43d57ec2295371"}
,"C:\\Users\\Owner\\Desktop\\13. Grad School\\psu-software-testing\\server\\models\\exercise.js": {"path":"C:\\Users\\Owner\\Desktop\\13. Grad School\\psu-software-testing\\server\\models\\exercise.js","statementMap":{"0":{"start":{"line":1,"column":17},"end":{"line":1,"column":36}},"1":{"start":{"line":3,"column":23},"end":{"line":22,"column":2}},"2":{"start":{"line":24,"column":22},"end":{"line":24,"column":64}},"3":{"start":{"line":26,"column":0},"end":{"line":26,"column":30}}},"fnMap":{},"branchMap":{},"s":{"0":3,"1":3,"2":3,"3":3},"f":{},"b":{},"_coverageSchema":"1a1c01bbd47fc00a2c39e90264f33305004495a9","hash":"c66b5e8c72567e37f1c99d2ff2020774f414db8d"}
,"C:\\Users\\Owner\\Desktop\\13. Grad School\\psu-software-testing\\server\\models\\user.js": {"path":"C:\\Users\\Owner\\Desktop\\13. Grad School\\psu-software-testing\\server\\models\\user.js","statementMap":{"0":{"start":{"line":1,"column":17},"end":{"line":1,"column":36}},"1":{"start":{"line":3,"column":19},"end":{"line":25,"column":2}},"2":{"start":{"line":27,"column":18},"end":{"line":27,"column":53}},"3":{"start":{"line":29,"column":0},"end":{"line":29,"column":26}}},"fnMap":{},"branchMap":{},"s":{"0":3,"1":3,"2":3,"3":3},"f":{},"b":{},"_coverageSchema":"1a1c01bbd47fc00a2c39e90264f33305004495a9","hash":"9e3a8a58806fc3ca7c6d51f01399826fac303e75"}
,"C:\\Users\\Owner\\Desktop\\13. Grad School\\psu-software-testing\\server\\routes\\exercise.js": {"path":"C:\\Users\\Owner\\Desktop\\13. Grad School\\psu-software-testing\\server\\routes\\exercise.js","statementMap":{"0":{"start":{"line":1,"column":16},"end":{"line":1,"column":34}},"1":{"start":{"line":2,"column":15},"end":{"line":2,"column":31}},"2":{"start":{"line":3,"column":17},"end":{"line":3,"column":36}},"3":{"start":{"line":5,"column":22},"end":{"line":5,"column":51}},"4":{"start":{"line":7,"column":0},"end":{"line":19,"column":2}},"5":{"start":{"line":8,"column":4},"end":{"line":18,"column":5}},"6":{"start":{"line":9,"column":25},"end":{"line":9,"column":51}},"7":{"start":{"line":10,"column":8},"end":{"line":12,"column":10}},"8":{"start":{"line":15,"column":8},"end":{"line":17,"column":10}},"9":{"start":{"line":21,"column":0},"end":{"line":42,"column":2}},"10":{"start":{"line":22,"column":15},"end":{"line":22,"column":28}},"11":{"start":{"line":24,"column":4},"end":{"line":41,"column":5}},"12":{"start":{"line":25,"column":25},"end":{"line":25,"column":57}},"13":{"start":{"line":26,"column":8},"end":{"line":35,"column":9}},"14":{"start":{"line":27,"column":12},"end":{"line":29,"column":14}},"15":{"start":{"line":32,"column":12},"end":{"line":34,"column":14}},"16":{"start":{"line":38,"column":8},"end":{"line":40,"column":10}},"17":{"start":{"line":44,"column":0},"end":{"line":63,"column":2}},"18":{"start":{"line":45,"column":24},"end":{"line":45,"column":58}},"19":{"start":{"line":47,"column":4},"end":{"line":62,"column":5}},"20":{"start":{"line":48,"column":34},"end":{"line":48,"column":58}},"21":{"start":{"line":49,"column":8},"end":{"line":49,"column":47}},"22":{"start":{"line":52,"column":8},"end":{"line":61,"column":9}},"23":{"start":{"line":53,"column":12},"end":{"line":55,"column":14}},"24":{"start":{"line":58,"column":12},"end":{"line":60,"column":14}},"25":{"start":{"line":65,"column":0},"end":{"line":94,"column":2}},"26":{"start":{"line":66,"column":15},"end":{"line":66,"column":28}},"27":{"start":{"line":68,"column":4},"end":{"line":93,"column":5}},"28":{"start":{"line":69,"column":25},"end":{"line":69,"column":57}},"29":{"start":{"line":71,"column":8},"end":{"line":82,"column":9}},"30":{"start":{"line":72,"column":12},"end":{"line":72,"column":63}},"31":{"start":{"line":73,"column":36},"end":{"line":73,"column":68}},"32":{"start":{"line":74,"column":12},"end":{"line":76,"column":14}},"33":{"start":{"line":79,"column":12},"end":{"line":81,"column":14}},"34":{"start":{"line":85,"column":8},"end":{"line":89,"column":9}},"35":{"start":{"line":86,"column":12},"end":{"line":88,"column":14}},"36":{"start":{"line":90,"column":8},"end":{"line":92,"column":10}},"37":{"start":{"line":96,"column":0},"end":{"line":118,"column":2}},"38":{"start":{"line":97,"column":15},"end":{"line":97,"column":28}},"39":{"start":{"line":99,"column":4},"end":{"line":117,"column":5}},"40":{"start":{"line":100,"column":33},"end":{"line":100,"column":65}},"41":{"start":{"line":101,"column":8},"end":{"line":111,"column":9}},"42":{"start":{"line":102,"column":12},"end":{"line":102,"column":59}},"43":{"start":{"line":103,"column":12},"end":{"line":105,"column":14}},"44":{"start":{"line":108,"column":12},"end":{"line":110,"column":14}},"45":{"start":{"line":114,"column":8},"end":{"line":116,"column":9}},"46":{"start":{"line":120,"column":0},"end":{"line":120,"column":23}}},"fnMap":{"0":{"name":"(anonymous_0)","decl":{"start":{"line":7,"column":16},"end":{"line":7,"column":17}},"loc":{"start":{"line":7,"column":35},"end":{"line":19,"column":1}},"line":7},"1":{"name":"(anonymous_1)","decl":{"start":{"line":21,"column":19},"end":{"line":21,"column":20}},"loc":{"start":{"line":21,"column":38},"end":{"line":42,"column":1}},"line":21},"2":{"name":"(anonymous_2)","decl":{"start":{"line":44,"column":17},"end":{"line":44,"column":18}},"loc":{"start":{"line":44,"column":36},"end":{"line":63,"column":1}},"line":44},"3":{"name":"(anonymous_3)","decl":{"start":{"line":65,"column":19},"end":{"line":65,"column":20}},"loc":{"start":{"line":65,"column":38},"end":{"line":94,"column":1}},"line":65},"4":{"name":"(anonymous_4)","decl":{"start":{"line":96,"column":22},"end":{"line":96,"column":23}},"loc":{"start":{"line":96,"column":41},"end":{"line":118,"column":1}},"line":96}},"branchMap":{"0":{"loc":{"start":{"line":26,"column":8},"end":{"line":35,"column":9}},"type":"if","locations":[{"start":{"line":26,"column":8},"end":{"line":35,"column":9}},{"start":{"line":31,"column":13},"end":{"line":35,"column":9}}],"line":26},"1":{"loc":{"start":{"line":52,"column":8},"end":{"line":61,"column":9}},"type":"if","locations":[{"start":{"line":52,"column":8},"end":{"line":61,"column":9}},{"start":{"line":57,"column":13},"end":{"line":61,"column":9}}],"line":52},"2":{"loc":{"start":{"line":71,"column":8},"end":{"line":82,"column":9}},"type":"if","locations":[{"start":{"line":71,"column":8},"end":{"line":82,"column":9}},{"start":{"line":78,"column":13},"end":{"line":82,"column":9}}],"line":71},"3":{"loc":{"start":{"line":85,"column":8},"end":{"line":89,"column":9}},"type":"if","locations":[{"start":{"line":85,"column":8},"end":{"line":89,"column":9}},{"start":{},"end":{}}],"line":85},"4":{"loc":{"start":{"line":101,"column":8},"end":{"line":111,"column":9}},"type":"if","locations":[{"start":{"line":101,"column":8},"end":{"line":111,"column":9}},{"start":{"line":107,"column":13},"end":{"line":111,"column":9}}],"line":101}},"s":{"0":3,"1":3,"2":3,"3":3,"4":3,"5":1,"6":1,"7":1,"8":0,"9":3,"10":2,"11":2,"12":2,"13":2,"14":1,"15":1,"16":0,"17":3,"18":2,"19":2,"20":2,"21":1,"22":1,"23":1,"24":0,"25":3,"26":1,"27":1,"28":1,"29":1,"30":1,"31":1,"32":1,"33":0,"34":0,"35":0,"36":0,"37":3,"38":0,"39":0,"40":0,"41":0,"42":0,"43":0,"44":0,"45":0,"46":3},"f":{"0":1,"1":2,"2":2,"3":1,"4":0},"b":{"0":[1,1],"1":[1,0],"2":[1,0],"3":[0,0],"4":[0,0]},"_coverageSchema":"1a1c01bbd47fc00a2c39e90264f33305004495a9","hash":"63e5021d04deb1e1e1e231d3e6abe7542af20811"}
,"C:\\Users\\Owner\\Desktop\\13. Grad School\\psu-software-testing\\server\\routes\\program.js": {"path":"C:\\Users\\Owner\\Desktop\\13. Grad School\\psu-software-testing\\server\\routes\\program.js","statementMap":{"0":{"start":{"line":1,"column":16},"end":{"line":1,"column":34}},"1":{"start":{"line":2,"column":15},"end":{"line":2,"column":31}},"2":{"start":{"line":4,"column":0},"end":{"line":6,"column":2}},"3":{"start":{"line":5,"column":1},"end":{"line":5,"column":27}},"4":{"start":{"line":8,"column":0},"end":{"line":8,"column":23}}},"fnMap":{"0":{"name":"(anonymous_0)","decl":{"start":{"line":4,"column":16},"end":{"line":4,"column":17}},"loc":{"start":{"line":4,"column":30},"end":{"line":6,"column":1}},"line":4}},"branchMap":{},"s":{"0":3,"1":3,"2":3,"3":0,"4":3},"f":{"0":0},"b":{},"_coverageSchema":"1a1c01bbd47fc00a2c39e90264f33305004495a9","hash":"8fa0ebd6dac43e5f4e7b335e67203d4dbf92cada"}
,"C:\\Users\\Owner\\Desktop\\13. Grad School\\psu-software-testing\\server\\routes\\user.js": {"path":"C:\\Users\\Owner\\Desktop\\13. Grad School\\psu-software-testing\\server\\routes\\user.js","statementMap":{"0":{"start":{"line":1,"column":16},"end":{"line":1,"column":34}},"1":{"start":{"line":2,"column":15},"end":{"line":2,"column":31}},"2":{"start":{"line":3,"column":17},"end":{"line":3,"column":36}},"3":{"start":{"line":5,"column":18},"end":{"line":5,"column":46}},"4":{"start":{"line":7,"column":0},"end":{"line":19,"column":2}},"5":{"start":{"line":8,"column":4},"end":{"line":18,"column":5}},"6":{"start":{"line":9,"column":21},"end":{"line":9,"column":43}},"7":{"start":{"line":10,"column":8},"end":{"line":12,"column":10}},"8":{"start":{"line":15,"column":8},"end":{"line":17,"column":10}},"9":{"start":{"line":21,"column":0},"end":{"line":42,"column":2}},"10":{"start":{"line":22,"column":15},"end":{"line":22,"column":28}},"11":{"start":{"line":24,"column":4},"end":{"line":41,"column":5}},"12":{"start":{"line":25,"column":21},"end":{"line":25,"column":49}},"13":{"start":{"line":26,"column":8},"end":{"line":35,"column":9}},"14":{"start":{"line":27,"column":12},"end":{"line":29,"column":14}},"15":{"start":{"line":32,"column":12},"end":{"line":34,"column":14}},"16":{"start":{"line":38,"column":8},"end":{"line":40,"column":10}},"17":{"start":{"line":44,"column":0},"end":{"line":63,"column":2}},"18":{"start":{"line":45,"column":20},"end":{"line":45,"column":50}},"19":{"start":{"line":47,"column":4},"end":{"line":62,"column":5}},"20":{"start":{"line":48,"column":29},"end":{"line":48,"column":49}},"21":{"start":{"line":49,"column":8},"end":{"line":49,"column":42}},"22":{"start":{"line":52,"column":8},"end":{"line":61,"column":9}},"23":{"start":{"line":53,"column":12},"end":{"line":55,"column":14}},"24":{"start":{"line":58,"column":12},"end":{"line":60,"column":14}},"25":{"start":{"line":65,"column":0},"end":{"line":94,"column":2}},"26":{"start":{"line":66,"column":15},"end":{"line":66,"column":28}},"27":{"start":{"line":68,"column":4},"end":{"line":93,"column":5}},"28":{"start":{"line":69,"column":21},"end":{"line":69,"column":49}},"29":{"start":{"line":71,"column":8},"end":{"line":82,"column":9}},"30":{"start":{"line":72,"column":12},"end":{"line":72,"column":59}},"31":{"start":{"line":73,"column":32},"end":{"line":73,"column":60}},"32":{"start":{"line":74,"column":12},"end":{"line":76,"column":14}},"33":{"start":{"line":79,"column":12},"end":{"line":81,"column":14}},"34":{"start":{"line":85,"column":8},"end":{"line":89,"column":9}},"35":{"start":{"line":86,"column":12},"end":{"line":88,"column":14}},"36":{"start":{"line":90,"column":8},"end":{"line":92,"column":10}},"37":{"start":{"line":96,"column":0},"end":{"line":118,"column":2}},"38":{"start":{"line":97,"column":15},"end":{"line":97,"column":28}},"39":{"start":{"line":99,"column":4},"end":{"line":117,"column":5}},"40":{"start":{"line":100,"column":29},"end":{"line":100,"column":57}},"41":{"start":{"line":101,"column":8},"end":{"line":111,"column":9}},"42":{"start":{"line":102,"column":12},"end":{"line":102,"column":51}},"43":{"start":{"line":103,"column":12},"end":{"line":105,"column":14}},"44":{"start":{"line":108,"column":12},"end":{"line":110,"column":14}},"45":{"start":{"line":114,"column":8},"end":{"line":116,"column":9}},"46":{"start":{"line":120,"column":0},"end":{"line":120,"column":23}}},"fnMap":{"0":{"name":"(anonymous_0)","decl":{"start":{"line":7,"column":16},"end":{"line":7,"column":17}},"loc":{"start":{"line":7,"column":35},"end":{"line":19,"column":1}},"line":7},"1":{"name":"(anonymous_1)","decl":{"start":{"line":21,"column":19},"end":{"line":21,"column":20}},"loc":{"start":{"line":21,"column":38},"end":{"line":42,"column":1}},"line":21},"2":{"name":"(anonymous_2)","decl":{"start":{"line":44,"column":17},"end":{"line":44,"column":18}},"loc":{"start":{"line":44,"column":36},"end":{"line":63,"column":1}},"line":44},"3":{"name":"(anonymous_3)","decl":{"start":{"line":65,"column":19},"end":{"line":65,"column":20}},"loc":{"start":{"line":65,"column":38},"end":{"line":94,"column":1}},"line":65},"4":{"name":"(anonymous_4)","decl":{"start":{"line":96,"column":22},"end":{"line":96,"column":23}},"loc":{"start":{"line":96,"column":41},"end":{"line":118,"column":1}},"line":96}},"branchMap":{"0":{"loc":{"start":{"line":26,"column":8},"end":{"line":35,"column":9}},"type":"if","locations":[{"start":{"line":26,"column":8},"end":{"line":35,"column":9}},{"start":{"line":31,"column":13},"end":{"line":35,"column":9}}],"line":26},"1":{"loc":{"start":{"line":52,"column":8},"end":{"line":61,"column":9}},"type":"if","locations":[{"start":{"line":52,"column":8},"end":{"line":61,"column":9}},{"start":{"line":57,"column":13},"end":{"line":61,"column":9}}],"line":52},"2":{"loc":{"start":{"line":71,"column":8},"end":{"line":82,"column":9}},"type":"if","locations":[{"start":{"line":71,"column":8},"end":{"line":82,"column":9}},{"start":{"line":78,"column":13},"end":{"line":82,"column":9}}],"line":71},"3":{"loc":{"start":{"line":85,"column":8},"end":{"line":89,"column":9}},"type":"if","locations":[{"start":{"line":85,"column":8},"end":{"line":89,"column":9}},{"start":{},"end":{}}],"line":85},"4":{"loc":{"start":{"line":101,"column":8},"end":{"line":111,"column":9}},"type":"if","locations":[{"start":{"line":101,"column":8},"end":{"line":111,"column":9}},{"start":{"line":107,"column":13},"end":{"line":111,"column":9}}],"line":101}},"s":{"0":3,"1":3,"2":3,"3":3,"4":3,"5":1,"6":1,"7":1,"8":0,"9":3,"10":2,"11":2,"12":2,"13":2,"14":1,"15":1,"16":0,"17":3,"18":2,"19":2,"20":2,"21":1,"22":1,"23":1,"24":0,"25":3,"26":1,"27":1,"28":1,"29":1,"30":1,"31":1,"32":1,"33":0,"34":0,"35":0,"36":0,"37":3,"38":0,"39":0,"40":0,"41":0,"42":0,"43":0,"44":0,"45":0,"46":3},"f":{"0":1,"1":2,"2":2,"3":1,"4":0},"b":{"0":[1,1],"1":[1,0],"2":[1,0],"3":[0,0],"4":[0,0]},"_coverageSchema":"1a1c01bbd47fc00a2c39e90264f33305004495a9","hash":"a0ba36c8d99b001eccadc33deb31e6314f542e41"}
,"C:\\Users\\Owner\\Desktop\\13. Grad School\\psu-software-testing\\server\\routes\\workoutHistory.js": {"path":"C:\\Users\\Owner\\Desktop\\13. Grad School\\psu-software-testing\\server\\routes\\workoutHistory.js","statementMap":{"0":{"start":{"line":1,"column":16},"end":{"line":1,"column":34}},"1":{"start":{"line":2,"column":15},"end":{"line":2,"column":31}},"2":{"start":{"line":4,"column":0},"end":{"line":6,"column":2}},"3":{"start":{"line":5,"column":1},"end":{"line":5,"column":33}},"4":{"start":{"line":8,"column":0},"end":{"line":8,"column":23}}},"fnMap":{"0":{"name":"(anonymous_0)","decl":{"start":{"line":4,"column":16},"end":{"line":4,"column":17}},"loc":{"start":{"line":4,"column":30},"end":{"line":6,"column":1}},"line":4}},"branchMap":{},"s":{"0":3,"1":3,"2":3,"3":0,"4":3},"f":{"0":0},"b":{},"_coverageSchema":"1a1c01bbd47fc00a2c39e90264f33305004495a9","hash":"0b0ef401e4374561cc67a264a04c056d99c8e727"}
}
