TN:
SF:index.js
FN:26,(anonymous_0)
FN:50,(anonymous_1)
FN:54,(anonymous_2)
FN:58,(anonymous_3)
FN:63,(anonymous_4)
FNF:5
FNH:3
FNDA:46,(anonymous_0)
FNDA:4,(anonymous_1)
FNDA:0,(anonymous_2)
FNDA:0,(anonymous_3)
FNDA:1,(anonymous_4)
DA:1,5
DA:2,5
DA:3,5
DA:4,5
DA:5,5
DA:6,5
DA:7,5
DA:9,5
DA:10,5
DA:11,5
DA:12,5
DA:16,5
DA:17,5
DA:19,5
DA:20,5
DA:22,5
DA:23,5
DA:24,5
DA:29,46
DA:30,0
DA:31,0
DA:33,0
DA:35,0
DA:40,5
DA:41,5
DA:42,5
DA:43,5
DA:44,5
DA:50,5
DA:51,4
DA:53,4
DA:54,0
DA:55,0
DA:59,0
DA:63,5
DA:64,1
DA:67,5
LF:37
LH:30
BRDA:19,0,0,5
BRDA:19,0,1,0
BRDA:29,1,0,46
BRDA:29,1,1,0
BRDA:30,2,0,0
BRDA:30,2,1,0
BRDA:53,3,0,0
BRDA:53,3,1,4
BRF:8
BRH:3
end_of_record
TN:
SF:models\exercise.js
FNF:0
FNH:0
DA:1,5
DA:3,5
DA:24,5
DA:26,5
LF:4
LH:4
BRF:0
BRH:0
end_of_record
TN:
SF:models\program.js
FNF:0
FNH:0
DA:1,5
DA:3,5
DA:28,5
DA:30,5
LF:4
LH:4
BRF:0
BRH:0
end_of_record
TN:
SF:models\user.js
FNF:0
FNH:0
DA:1,5
DA:3,5
DA:27,5
DA:29,5
LF:4
LH:4
BRF:0
BRH:0
end_of_record
TN:
SF:models\workoutHistory.js
FNF:0
FNH:0
DA:1,5
DA:3,5
DA:20,5
DA:22,5
LF:4
LH:4
BRF:0
BRH:0
end_of_record
TN:
SF:routes\exercise.js
FN:7,(anonymous_0)
FN:21,(anonymous_1)
FN:44,(anonymous_2)
FN:65,(anonymous_3)
FN:96,(anonymous_4)
FNF:5
FNH:5
FNDA:1,(anonymous_0)
FNDA:3,(anonymous_1)
FNDA:2,(anonymous_2)
FNDA:2,(anonymous_3)
FNDA:1,(anonymous_4)
DA:1,5
DA:2,5
DA:3,5
DA:5,5
DA:7,5
DA:8,1
DA:9,1
DA:10,1
DA:15,0
DA:21,5
DA:22,3
DA:24,3
DA:25,3
DA:26,2
DA:27,1
DA:32,1
DA:38,1
DA:44,5
DA:45,2
DA:47,2
DA:48,2
DA:49,1
DA:52,1
DA:53,1
DA:58,0
DA:65,5
DA:66,2
DA:68,2
DA:69,2
DA:71,1
DA:72,1
DA:73,1
DA:74,1
DA:79,0
DA:85,1
DA:86,0
DA:90,1
DA:96,5
DA:97,1
DA:99,1
DA:100,1
DA:101,0
DA:102,0
DA:103,0
DA:108,0
DA:114,1
DA:120,5
LF:47
LH:39
BRDA:26,0,0,1
BRDA:26,0,1,1
BRDA:52,1,0,1
BRDA:52,1,1,0
BRDA:71,2,0,1
BRDA:71,2,1,0
BRDA:85,3,0,0
BRDA:85,3,1,1
BRDA:101,4,0,0
BRDA:101,4,1,0
BRF:10
BRH:5
end_of_record
TN:
SF:routes\program.js
FN:7,(anonymous_0)
FN:21,(anonymous_1)
FN:44,(anonymous_2)
FN:65,(anonymous_3)
FN:96,(anonymous_4)
FNF:5
FNH:5
FNDA:1,(anonymous_0)
FNDA:3,(anonymous_1)
FNDA:2,(anonymous_2)
FNDA:2,(anonymous_3)
FNDA:1,(anonymous_4)
DA:1,5
DA:2,5
DA:3,5
DA:5,5
DA:7,5
DA:8,1
DA:9,1
DA:10,1
DA:15,0
DA:21,5
DA:22,3
DA:24,3
DA:25,3
DA:26,2
DA:27,1
DA:32,1
DA:38,1
DA:44,5
DA:45,2
DA:47,2
DA:48,2
DA:49,1
DA:52,1
DA:53,1
DA:58,0
DA:65,5
DA:66,2
DA:68,2
DA:69,2
DA:71,1
DA:72,1
DA:73,1
DA:74,1
DA:79,0
DA:85,1
DA:86,0
DA:90,1
DA:96,5
DA:97,1
DA:99,1
DA:100,1
DA:101,0
DA:102,0
DA:103,0
DA:108,0
DA:114,1
DA:120,5
LF:47
LH:39
BRDA:26,0,0,1
BRDA:26,0,1,1
BRDA:52,1,0,1
BRDA:52,1,1,0
BRDA:71,2,0,1
BRDA:71,2,1,0
BRDA:85,3,0,0
BRDA:85,3,1,1
BRDA:101,4,0,0
BRDA:101,4,1,0
BRF:10
BRH:5
end_of_record
TN:
SF:routes\user.js
FN:7,(anonymous_0)
FN:21,(anonymous_1)
FN:44,(anonymous_2)
FN:65,(anonymous_3)
FN:96,(anonymous_4)
FNF:5
FNH:5
FNDA:1,(anonymous_0)
FNDA:3,(anonymous_1)
FNDA:2,(anonymous_2)
FNDA:2,(anonymous_3)
FNDA:1,(anonymous_4)
DA:1,5
DA:2,5
DA:3,5
DA:5,5
DA:7,5
DA:8,1
DA:9,1
DA:10,1
DA:15,0
DA:21,5
DA:22,3
DA:24,3
DA:25,3
DA:26,2
DA:27,1
DA:32,1
DA:38,1
DA:44,5
DA:45,2
DA:47,2
DA:48,2
DA:49,1
DA:52,1
DA:53,1
DA:58,0
DA:65,5
DA:66,2
DA:68,2
DA:69,2
DA:71,1
DA:72,1
DA:73,1
DA:74,1
DA:79,0
DA:85,1
DA:86,0
DA:90,1
DA:96,5
DA:97,1
DA:99,1
DA:100,1
DA:101,0
DA:102,0
DA:103,0
DA:108,0
DA:114,1
DA:120,5
LF:47
LH:39
BRDA:26,0,0,1
BRDA:26,0,1,1
BRDA:52,1,0,1
BRDA:52,1,1,0
BRDA:71,2,0,1
BRDA:71,2,1,0
BRDA:85,3,0,0
BRDA:85,3,1,1
BRDA:101,4,0,0
BRDA:101,4,1,0
BRF:10
BRH:5
end_of_record
TN:
SF:routes\workoutHistory.js
FN:7,(anonymous_0)
FN:21,(anonymous_1)
FN:44,(anonymous_2)
FN:65,(anonymous_3)
FN:96,(anonymous_4)
FNF:5
FNH:5
FNDA:2,(anonymous_0)
FNDA:3,(anonymous_1)
FNDA:2,(anonymous_2)
FNDA:2,(anonymous_3)
FNDA:1,(anonymous_4)
DA:1,5
DA:2,5
DA:3,5
DA:5,5
DA:7,5
DA:8,2
DA:9,2
DA:10,2
DA:15,0
DA:21,5
DA:22,3
DA:24,3
DA:25,3
DA:26,2
DA:27,1
DA:32,1
DA:38,1
DA:44,5
DA:45,2
DA:47,2
DA:48,2
DA:49,1
DA:52,1
DA:53,1
DA:58,0
DA:65,5
DA:66,2
DA:68,2
DA:69,2
DA:71,1
DA:72,1
DA:73,1
DA:74,1
DA:79,0
DA:85,1
DA:86,0
DA:90,1
DA:96,5
DA:97,1
DA:99,1
DA:100,1
DA:101,0
DA:102,0
DA:103,0
DA:108,0
DA:114,1
DA:120,5
LF:47
LH:39
BRDA:26,0,0,1
BRDA:26,0,1,1
BRDA:52,1,0,1
BRDA:52,1,1,0
BRDA:71,2,0,1
BRDA:71,2,1,0
BRDA:85,3,0,0
BRDA:85,3,1,1
BRDA:101,4,0,0
BRDA:101,4,1,0
BRF:10
BRH:5
end_of_record
