TN:
SF:index.js
FN:26,(anonymous_0)
FN:50,(anonymous_1)
FN:52,(anonymous_2)
FN:55,(anonymous_3)
FN:60,(anonymous_4)
FNF:5
FNH:4
FNDA:25,(anonymous_0)
FNDA:3,(anonymous_1)
FNDA:1,(anonymous_2)
FNDA:0,(anonymous_3)
FNDA:1,(anonymous_4)
DA:1,4
DA:2,4
DA:3,4
DA:4,4
DA:5,4
DA:6,4
DA:7,4
DA:9,4
DA:10,4
DA:11,4
DA:12,4
DA:16,4
DA:17,4
DA:19,4
DA:20,4
DA:22,4
DA:23,4
DA:24,4
DA:29,25
DA:30,0
DA:31,0
DA:33,0
DA:35,0
DA:40,4
DA:41,4
DA:42,4
DA:43,4
DA:44,4
DA:50,4
DA:51,3
DA:52,3
DA:53,1
DA:56,0
DA:60,4
DA:61,1
DA:64,4
LF:36
LH:31
BRDA:19,0,0,4
BRDA:19,0,1,0
BRDA:29,1,0,25
BRDA:29,1,1,0
BRDA:30,2,0,0
BRDA:30,2,1,0
BRF:6
BRH:2
end_of_record
TN:
SF:models\exercise.js
FNF:0
FNH:0
DA:1,4
DA:3,4
DA:24,4
DA:26,4
LF:4
LH:4
BRF:0
BRH:0
end_of_record
TN:
SF:models\program.js
FNF:0
FNH:0
DA:1,4
DA:3,4
DA:28,4
DA:30,4
LF:4
LH:4
BRF:0
BRH:0
end_of_record
TN:
SF:models\user.js
FNF:0
FNH:0
DA:1,4
DA:3,4
DA:27,4
DA:29,4
LF:4
LH:4
BRF:0
BRH:0
end_of_record
TN:
SF:routes\exercise.js
FN:7,(anonymous_0)
FN:21,(anonymous_1)
FN:44,(anonymous_2)
FN:65,(anonymous_3)
FN:96,(anonymous_4)
FNF:5
FNH:4
FNDA:1,(anonymous_0)
FNDA:2,(anonymous_1)
FNDA:2,(anonymous_2)
FNDA:1,(anonymous_3)
FNDA:0,(anonymous_4)
DA:1,4
DA:2,4
DA:3,4
DA:5,4
DA:7,4
DA:8,1
DA:9,1
DA:10,1
DA:15,0
DA:21,4
DA:22,2
DA:24,2
DA:25,2
DA:26,2
DA:27,1
DA:32,1
DA:38,0
DA:44,4
DA:45,2
DA:47,2
DA:48,2
DA:49,1
DA:52,1
DA:53,1
DA:58,0
DA:65,4
DA:66,1
DA:68,1
DA:69,1
DA:71,1
DA:72,1
DA:73,1
DA:74,1
DA:79,0
DA:85,0
DA:86,0
DA:90,0
DA:96,4
DA:97,0
DA:99,0
DA:100,0
DA:101,0
DA:102,0
DA:103,0
DA:108,0
DA:114,0
DA:120,4
LF:47
LH:32
BRDA:26,0,0,1
BRDA:26,0,1,1
BRDA:52,1,0,1
BRDA:52,1,1,0
BRDA:71,2,0,1
BRDA:71,2,1,0
BRDA:85,3,0,0
BRDA:85,3,1,0
BRDA:101,4,0,0
BRDA:101,4,1,0
BRF:10
BRH:4
end_of_record
TN:
SF:routes\program.js
FN:7,(anonymous_0)
FN:21,(anonymous_1)
FN:44,(anonymous_2)
FN:65,(anonymous_3)
FN:96,(anonymous_4)
FNF:5
FNH:4
FNDA:1,(anonymous_0)
FNDA:2,(anonymous_1)
FNDA:2,(anonymous_2)
FNDA:1,(anonymous_3)
FNDA:0,(anonymous_4)
DA:1,4
DA:2,4
DA:3,4
DA:5,4
DA:7,4
DA:8,1
DA:9,1
DA:10,1
DA:15,0
DA:21,4
DA:22,2
DA:24,2
DA:25,2
DA:26,2
DA:27,1
DA:32,1
DA:38,0
DA:44,4
DA:45,2
DA:47,2
DA:48,2
DA:49,1
DA:52,1
DA:53,1
DA:58,0
DA:65,4
DA:66,1
DA:68,1
DA:69,1
DA:71,1
DA:72,1
DA:73,1
DA:74,1
DA:79,0
DA:85,0
DA:86,0
DA:90,0
DA:96,4
DA:97,0
DA:99,0
DA:100,0
DA:101,0
DA:102,0
DA:103,0
DA:108,0
DA:114,0
DA:120,4
LF:47
LH:32
BRDA:26,0,0,1
BRDA:26,0,1,1
BRDA:52,1,0,1
BRDA:52,1,1,0
BRDA:71,2,0,1
BRDA:71,2,1,0
BRDA:85,3,0,0
BRDA:85,3,1,0
BRDA:101,4,0,0
BRDA:101,4,1,0
BRF:10
BRH:4
end_of_record
TN:
SF:routes\user.js
FN:7,(anonymous_0)
FN:21,(anonymous_1)
FN:44,(anonymous_2)
FN:65,(anonymous_3)
FN:96,(anonymous_4)
FNF:5
FNH:4
FNDA:1,(anonymous_0)
FNDA:2,(anonymous_1)
FNDA:2,(anonymous_2)
FNDA:1,(anonymous_3)
FNDA:0,(anonymous_4)
DA:1,4
DA:2,4
DA:3,4
DA:5,4
DA:7,4
DA:8,1
DA:9,1
DA:10,1
DA:15,0
DA:21,4
DA:22,2
DA:24,2
DA:25,2
DA:26,2
DA:27,1
DA:32,1
DA:38,0
DA:44,4
DA:45,2
DA:47,2
DA:48,2
DA:49,1
DA:52,1
DA:53,1
DA:58,0
DA:65,4
DA:66,1
DA:68,1
DA:69,1
DA:71,1
DA:72,1
DA:73,1
DA:74,1
DA:79,0
DA:85,0
DA:86,0
DA:90,0
DA:96,4
DA:97,0
DA:99,0
DA:100,0
DA:101,0
DA:102,0
DA:103,0
DA:108,0
DA:114,0
DA:120,4
LF:47
LH:32
BRDA:26,0,0,1
BRDA:26,0,1,1
BRDA:52,1,0,1
BRDA:52,1,1,0
BRDA:71,2,0,1
BRDA:71,2,1,0
BRDA:85,3,0,0
BRDA:85,3,1,0
BRDA:101,4,0,0
BRDA:101,4,1,0
BRF:10
BRH:4
end_of_record
TN:
SF:routes\workoutHistory.js
FN:4,(anonymous_0)
FNF:1
FNH:0
FNDA:0,(anonymous_0)
DA:1,4
DA:2,4
DA:4,4
DA:5,0
DA:8,4
LF:5
LH:4
BRF:0
BRH:0
end_of_record
